<?xml version="1.0" encoding="UTF-8"?>
<testsuite xmlns:xsi="http://www.w3.org/2001/XMLSchema-instance" xsi:noNamespaceSchemaLocation="https://maven.apache.org/surefire/maven-surefire-plugin/xsd/surefire-test-report.xsd" name="com.banquito.core.productsaccounts.service.InterestServiceTest" time="0.269" tests="9" errors="0" skipped="0" failures="0">
  <properties>
[...]
</properties>
  <testcase name="testUpdateError" classname="com.banquito.core.productsaccounts.service.InterestServiceTest" time="0.199"/>
  <testcase name="testCreateException" classname="com.banquito.core.productsaccounts.service.InterestServiceTest" time="0.006"/>
  <testcase name="testListAllActives" classname="com.banquito.core.productsaccounts.service.InterestServiceTest" time="0.005"/>
  <testcase name="testUpdateNotFound" classname="com.banquito.core.productsaccounts.service.InterestServiceTest" time="0.009"/>
  <testcase name="testCreate" classname="com.banquito.core.productsaccounts.service.InterestServiceTest" time="0.006"/>
  <testcase name="testObtainById" classname="com.banquito.core.productsaccounts.service.InterestServiceTest" time="0.004"/>
  <testcase name="testInactivate" classname="com.banquito.core.productsaccounts.service.InterestServiceTest" time="0.005"/>
  <testcase name="testObtainByIdNotFound" classname="com.banquito.core.productsaccounts.service.InterestServiceTest" time="0.005"/>
  <testcase name="testUpdate" classname="com.banquito.core.productsaccounts.service.InterestServiceTest" time="0.009"/>
</testsuite>