<?xml version="1.0" encoding="UTF-8"?>
<testsuite xmlns:xsi="http://www.w3.org/2001/XMLSchema-instance" xsi:noNamespaceSchemaLocation="https://maven.apache.org/surefire/maven-surefire-plugin/xsd/surefire-test-report.xsd" name="com.banquito.core.branches.controller.BranchControllerTest" time="1.499" tests="7" errors="0" skipped="0" failures="0">
  <properties>
[...]
</properties>
  <testcase name="testUpdateException" classname="com.banquito.core.branches.controller.BranchControllerTest" time="1.398"/>
  <testcase name="testCreateValid" classname="com.banquito.core.branches.controller.BranchControllerTest" time="0.034"/>
  <testcase name="testObtainAll" classname="com.banquito.core.branches.controller.BranchControllerTest" time="0.019"/>
  <testcase name="testCreateException" classname="com.banquito.core.branches.controller.BranchControllerTest" time="0.026"/>
  <testcase name="testObtainByCodeWithValidCode" classname="com.banquito.core.branches.controller.BranchControllerTest" time="0"/>
  <testcase name="testObtainByCodeWithInvalidCode" classname="com.banquito.core.branches.controller.BranchControllerTest" time="0.001"/>
  <testcase name="testUpdate" classname="com.banquito.core.branches.controller.BranchControllerTest" time="0.017"/>
</testsuite>